<?xml version="1.0" encoding="UTF-8"?>
<testsuite xmlns:xsi="http://www.w3.org/2001/XMLSchema-instance" xsi:noNamespaceSchemaLocation="https://maven.apache.org/surefire/maven-surefire-plugin/xsd/surefire-test-report.xsd" name="TestSuite" time="83.34" tests="2" errors="0" skipped="0" failures="0">
  <properties>
    <property name="sun.desktop" value="windows"/>
    <property name="awt.toolkit" value="sun.awt.windows.WToolkit"/>
    <property name="file.encoding.pkg" value="sun.io"/>
    <property name="java.specification.version" value="1.8"/>
    <property name="sun.cpu.isalist" value="amd64"/>
    <property name="sun.jnu.encoding" value="Cp1252"/>
    <property name="java.class.path" value="C:\Users\Mohammad\git\CucumberProjectThree\CucumberProjectThree\target\test-classes;C:\Users\Mohammad\git\CucumberProjectThree\CucumberProjectThree\target\classes;D:\Software-Testing-Training\Maven-Repo\org\seleniumhq\selenium\selenium-java\3.11.0\selenium-java-3.11.0.jar;D:\Software-Testing-Training\Maven-Repo\org\seleniumhq\selenium\selenium-api\3.11.0\selenium-api-3.11.0.jar;D:\Software-Testing-Training\Maven-Repo\org\seleniumhq\selenium\selenium-chrome-driver\3.11.0\selenium-chrome-driver-3.11.0.jar;D:\Software-Testing-Training\Maven-Repo\org\seleniumhq\selenium\selenium-edge-driver\3.11.0\selenium-edge-driver-3.11.0.jar;D:\Software-Testing-Training\Maven-Repo\org\seleniumhq\selenium\selenium-firefox-driver\3.11.0\selenium-firefox-driver-3.11.0.jar;D:\Software-Testing-Training\Maven-Repo\org\seleniumhq\selenium\selenium-ie-driver\3.11.0\selenium-ie-driver-3.11.0.jar;D:\Software-Testing-Training\Maven-Repo\org\seleniumhq\selenium\selenium-opera-driver\3.11.0\selenium-opera-driver-3.11.0.jar;D:\Software-Testing-Training\Maven-Repo\org\seleniumhq\selenium\selenium-remote-driver\3.11.0\selenium-remote-driver-3.11.0.jar;D:\Software-Testing-Training\Maven-Repo\org\seleniumhq\selenium\selenium-safari-driver\3.11.0\selenium-safari-driver-3.11.0.jar;D:\Software-Testing-Training\Maven-Repo\org\seleniumhq\selenium\selenium-support\3.11.0\selenium-support-3.11.0.jar;D:\Software-Testing-Training\Maven-Repo\net\bytebuddy\byte-buddy\1.7.9\byte-buddy-1.7.9.jar;D:\Software-Testing-Training\Maven-Repo\org\apache\commons\commons-exec\1.3\commons-exec-1.3.jar;D:\Software-Testing-Training\Maven-Repo\commons-codec\commons-codec\1.10\commons-codec-1.10.jar;D:\Software-Testing-Training\Maven-Repo\commons-logging\commons-logging\1.2\commons-logging-1.2.jar;D:\Software-Testing-Training\Maven-Repo\com\google\code\gson\gson\2.8.2\gson-2.8.2.jar;D:\Software-Testing-Training\Maven-Repo\com\google\guava\guava\23.6-jre\guava-23.6-jre.jar;D:\Software-Testing-Training\Maven-Repo\com\google\code\findbugs\jsr305\1.3.9\jsr305-1.3.9.jar;D:\Software-Testing-Training\Maven-Repo\org\checkerframework\checker-compat-qual\2.0.0\checker-compat-qual-2.0.0.jar;D:\Software-Testing-Training\Maven-Repo\com\google\errorprone\error_prone_annotations\2.1.3\error_prone_annotations-2.1.3.jar;D:\Software-Testing-Training\Maven-Repo\com\google\j2objc\j2objc-annotations\1.1\j2objc-annotations-1.1.jar;D:\Software-Testing-Training\Maven-Repo\org\codehaus\mojo\animal-sniffer-annotations\1.14\animal-sniffer-annotations-1.14.jar;D:\Software-Testing-Training\Maven-Repo\org\apache\httpcomponents\httpclient\4.5.3\httpclient-4.5.3.jar;D:\Software-Testing-Training\Maven-Repo\org\apache\httpcomponents\httpcore\4.4.6\httpcore-4.4.6.jar;D:\Software-Testing-Training\Maven-Repo\com\squareup\okhttp3\okhttp\3.9.1\okhttp-3.9.1.jar;D:\Software-Testing-Training\Maven-Repo\com\squareup\okio\okio\1.13.0\okio-1.13.0.jar;D:\Software-Testing-Training\Maven-Repo\org\testng\testng\6.14.3\testng-6.14.3.jar;D:\Software-Testing-Training\Maven-Repo\com\beust\jcommander\1.72\jcommander-1.72.jar;D:\Software-Testing-Training\Maven-Repo\org\apache-extras\beanshell\bsh\2.0b6\bsh-2.0b6.jar;D:\Software-Testing-Training\Maven-Repo\com\aventstack\extentreports\3.1.5\extentreports-3.1.5.jar;D:\Software-Testing-Training\Maven-Repo\org\freemarker\freemarker\2.3.23\freemarker-2.3.23.jar;D:\Software-Testing-Training\Maven-Repo\org\mongodb\mongodb-driver\3.3.0\mongodb-driver-3.3.0.jar;D:\Software-Testing-Training\Maven-Repo\org\mongodb\bson\3.3.0\bson-3.3.0.jar;D:\Software-Testing-Training\Maven-Repo\org\mongodb\mongodb-driver-core\3.3.0\mongodb-driver-core-3.3.0.jar;D:\Software-Testing-Training\Maven-Repo\org\apache\httpcomponents\httpmime\4.5.2\httpmime-4.5.2.jar;D:\Software-Testing-Training\Maven-Repo\org\jsoup\jsoup\1.9.2\jsoup-1.9.2.jar;D:\Software-Testing-Training\Maven-Repo\info\cukes\cucumber-java\1.2.5\cucumber-java-1.2.5.jar;D:\Software-Testing-Training\Maven-Repo\info\cukes\cucumber-core\1.2.5\cucumber-core-1.2.5.jar;D:\Software-Testing-Training\Maven-Repo\info\cukes\cucumber-html\0.2.3\cucumber-html-0.2.3.jar;D:\Software-Testing-Training\Maven-Repo\info\cukes\cucumber-jvm-deps\1.0.5\cucumber-jvm-deps-1.0.5.jar;D:\Software-Testing-Training\Maven-Repo\info\cukes\gherkin\2.12.2\gherkin-2.12.2.jar;D:\Software-Testing-Training\Maven-Repo\info\cukes\cucumber-testng\1.2.5\cucumber-testng-1.2.5.jar;D:\Software-Testing-Training\Maven-Repo\com\vimalselvam\cucumber-extentsreport\3.0.2\cucumber-extentsreport-3.0.2.jar;D:\Software-Testing-Training\Maven-Repo\org\apache\maven\surefire\surefire-testng-utils\2.21.0\surefire-testng-utils-2.21.0.jar;D:\Software-Testing-Training\Maven-Repo\org\apache\maven\surefire\surefire-grouper\2.21.0\surefire-grouper-2.21.0.jar;"/>
    <property name="java.vm.vendor" value="Oracle Corporation"/>
    <property name="sun.arch.data.model" value="64"/>
    <property name="user.variant" value=""/>
    <property name="java.vendor.url" value="http://java.oracle.com/"/>
    <property name="user.timezone" value=""/>
    <property name="java.vm.specification.version" value="1.8"/>
    <property name="os.name" value="Windows 10"/>
    <property name="user.country" value="US"/>
    <property name="sun.java.launcher" value="SUN_STANDARD"/>
    <property name="sun.boot.library.path" value="C:\Program Files\Java\jdk1.8.0_74\jre\bin"/>
    <property name="sun.java.command" value="C:\Users\Mohammad\AppData\Local\Temp\surefire2414345007790249817\surefirebooter693334217186877969.jar C:\Users\Mohammad\AppData\Local\Temp\surefire2414345007790249817 2018-06-09T19-59-48_295-jvmRun1 surefire1156113933422018782tmp surefire_02217499066582032037tmp"/>
    <property name="surefire.test.class.path" value="C:\Users\Mohammad\git\CucumberProjectThree\CucumberProjectThree\target\test-classes;C:\Users\Mohammad\git\CucumberProjectThree\CucumberProjectThree\target\classes;D:\Software-Testing-Training\Maven-Repo\org\seleniumhq\selenium\selenium-java\3.11.0\selenium-java-3.11.0.jar;D:\Software-Testing-Training\Maven-Repo\org\seleniumhq\selenium\selenium-api\3.11.0\selenium-api-3.11.0.jar;D:\Software-Testing-Training\Maven-Repo\org\seleniumhq\selenium\selenium-chrome-driver\3.11.0\selenium-chrome-driver-3.11.0.jar;D:\Software-Testing-Training\Maven-Repo\org\seleniumhq\selenium\selenium-edge-driver\3.11.0\selenium-edge-driver-3.11.0.jar;D:\Software-Testing-Training\Maven-Repo\org\seleniumhq\selenium\selenium-firefox-driver\3.11.0\selenium-firefox-driver-3.11.0.jar;D:\Software-Testing-Training\Maven-Repo\org\seleniumhq\selenium\selenium-ie-driver\3.11.0\selenium-ie-driver-3.11.0.jar;D:\Software-Testing-Training\Maven-Repo\org\seleniumhq\selenium\selenium-opera-driver\3.11.0\selenium-opera-driver-3.11.0.jar;D:\Software-Testing-Training\Maven-Repo\org\seleniumhq\selenium\selenium-remote-driver\3.11.0\selenium-remote-driver-3.11.0.jar;D:\Software-Testing-Training\Maven-Repo\org\seleniumhq\selenium\selenium-safari-driver\3.11.0\selenium-safari-driver-3.11.0.jar;D:\Software-Testing-Training\Maven-Repo\org\seleniumhq\selenium\selenium-support\3.11.0\selenium-support-3.11.0.jar;D:\Software-Testing-Training\Maven-Repo\net\bytebuddy\byte-buddy\1.7.9\byte-buddy-1.7.9.jar;D:\Software-Testing-Training\Maven-Repo\org\apache\commons\commons-exec\1.3\commons-exec-1.3.jar;D:\Software-Testing-Training\Maven-Repo\commons-codec\commons-codec\1.10\commons-codec-1.10.jar;D:\Software-Testing-Training\Maven-Repo\commons-logging\commons-logging\1.2\commons-logging-1.2.jar;D:\Software-Testing-Training\Maven-Repo\com\google\code\gson\gson\2.8.2\gson-2.8.2.jar;D:\Software-Testing-Training\Maven-Repo\com\google\guava\guava\23.6-jre\guava-23.6-jre.jar;D:\Software-Testing-Training\Maven-Repo\com\google\code\findbugs\jsr305\1.3.9\jsr305-1.3.9.jar;D:\Software-Testing-Training\Maven-Repo\org\checkerframework\checker-compat-qual\2.0.0\checker-compat-qual-2.0.0.jar;D:\Software-Testing-Training\Maven-Repo\com\google\errorprone\error_prone_annotations\2.1.3\error_prone_annotations-2.1.3.jar;D:\Software-Testing-Training\Maven-Repo\com\google\j2objc\j2objc-annotations\1.1\j2objc-annotations-1.1.jar;D:\Software-Testing-Training\Maven-Repo\org\codehaus\mojo\animal-sniffer-annotations\1.14\animal-sniffer-annotations-1.14.jar;D:\Software-Testing-Training\Maven-Repo\org\apache\httpcomponents\httpclient\4.5.3\httpclient-4.5.3.jar;D:\Software-Testing-Training\Maven-Repo\org\apache\httpcomponents\httpcore\4.4.6\httpcore-4.4.6.jar;D:\Software-Testing-Training\Maven-Repo\com\squareup\okhttp3\okhttp\3.9.1\okhttp-3.9.1.jar;D:\Software-Testing-Training\Maven-Repo\com\squareup\okio\okio\1.13.0\okio-1.13.0.jar;D:\Software-Testing-Training\Maven-Repo\org\testng\testng\6.14.3\testng-6.14.3.jar;D:\Software-Testing-Training\Maven-Repo\com\beust\jcommander\1.72\jcommander-1.72.jar;D:\Software-Testing-Training\Maven-Repo\org\apache-extras\beanshell\bsh\2.0b6\bsh-2.0b6.jar;D:\Software-Testing-Training\Maven-Repo\com\aventstack\extentreports\3.1.5\extentreports-3.1.5.jar;D:\Software-Testing-Training\Maven-Repo\org\freemarker\freemarker\2.3.23\freemarker-2.3.23.jar;D:\Software-Testing-Training\Maven-Repo\org\mongodb\mongodb-driver\3.3.0\mongodb-driver-3.3.0.jar;D:\Software-Testing-Training\Maven-Repo\org\mongodb\bson\3.3.0\bson-3.3.0.jar;D:\Software-Testing-Training\Maven-Repo\org\mongodb\mongodb-driver-core\3.3.0\mongodb-driver-core-3.3.0.jar;D:\Software-Testing-Training\Maven-Repo\org\apache\httpcomponents\httpmime\4.5.2\httpmime-4.5.2.jar;D:\Software-Testing-Training\Maven-Repo\org\jsoup\jsoup\1.9.2\jsoup-1.9.2.jar;D:\Software-Testing-Training\Maven-Repo\info\cukes\cucumber-java\1.2.5\cucumber-java-1.2.5.jar;D:\Software-Testing-Training\Maven-Repo\info\cukes\cucumber-core\1.2.5\cucumber-core-1.2.5.jar;D:\Software-Testing-Training\Maven-Repo\info\cukes\cucumber-html\0.2.3\cucumber-html-0.2.3.jar;D:\Software-Testing-Training\Maven-Repo\info\cukes\cucumber-jvm-deps\1.0.5\cucumber-jvm-deps-1.0.5.jar;D:\Software-Testing-Training\Maven-Repo\info\cukes\gherkin\2.12.2\gherkin-2.12.2.jar;D:\Software-Testing-Training\Maven-Repo\info\cukes\cucumber-testng\1.2.5\cucumber-testng-1.2.5.jar;D:\Software-Testing-Training\Maven-Repo\com\vimalselvam\cucumber-extentsreport\3.0.2\cucumber-extentsreport-3.0.2.jar;D:\Software-Testing-Training\Maven-Repo\org\apache\maven\surefire\surefire-testng-utils\2.21.0\surefire-testng-utils-2.21.0.jar;D:\Software-Testing-Training\Maven-Repo\org\apache\maven\surefire\surefire-grouper\2.21.0\surefire-grouper-2.21.0.jar;"/>
    <property name="sun.cpu.endian" value="little"/>
    <property name="user.home" value="C:\Users\Mohammad"/>
    <property name="user.language" value="en"/>
    <property name="java.specification.vendor" value="Oracle Corporation"/>
    <property name="java.home" value="C:\Program Files\Java\jdk1.8.0_74\jre"/>
    <property name="basedir" value="C:\Users\Mohammad\git\CucumberProjectThree\CucumberProjectThree"/>
    <property name="file.separator" value="\"/>
    <property name="line.separator" value="&#10;"/>
    <property name="java.vm.specification.vendor" value="Oracle Corporation"/>
    <property name="java.specification.name" value="Java Platform API Specification"/>
    <property name="java.awt.graphicsenv" value="sun.awt.Win32GraphicsEnvironment"/>
    <property name="surefire.real.class.path" value="C:\Users\Mohammad\AppData\Local\Temp\surefire2414345007790249817\surefirebooter693334217186877969.jar"/>
    <property name="sun.boot.class.path" value="C:\Program Files\Java\jdk1.8.0_74\jre\lib\resources.jar;C:\Program Files\Java\jdk1.8.0_74\jre\lib\rt.jar;C:\Program Files\Java\jdk1.8.0_74\jre\lib\sunrsasign.jar;C:\Program Files\Java\jdk1.8.0_74\jre\lib\jsse.jar;C:\Program Files\Java\jdk1.8.0_74\jre\lib\jce.jar;C:\Program Files\Java\jdk1.8.0_74\jre\lib\charsets.jar;C:\Program Files\Java\jdk1.8.0_74\jre\lib\jfr.jar;C:\Program Files\Java\jdk1.8.0_74\jre\classes"/>
    <property name="user.script" value=""/>
    <property name="sun.management.compiler" value="HotSpot 64-Bit Tiered Compilers"/>
    <property name="java.runtime.version" value="1.8.0_74-b02"/>
    <property name="user.name" value="Mohammad"/>
    <property name="path.separator" value=";"/>
    <property name="os.version" value="10.0"/>
    <property name="java.endorsed.dirs" value="C:\Program Files\Java\jdk1.8.0_74\jre\lib\endorsed"/>
    <property name="java.runtime.name" value="Java(TM) SE Runtime Environment"/>
    <property name="file.encoding" value="Cp1252"/>
    <property name="java.vm.name" value="Java HotSpot(TM) 64-Bit Server VM"/>
    <property name="localRepository" value="D:\Software-Testing-Training\Maven-Repo"/>
    <property name="java.vendor.url.bug" value="http://bugreport.sun.com/bugreport/"/>
    <property name="java.io.tmpdir" value="C:\Users\Mohammad\AppData\Local\Temp\"/>
    <property name="java.version" value="1.8.0_74"/>
    <property name="user.dir" value="C:\Users\Mohammad\git\CucumberProjectThree\CucumberProjectThree"/>
    <property name="os.arch" value="amd64"/>
    <property name="java.vm.specification.name" value="Java Virtual Machine Specification"/>
    <property name="java.awt.printerjob" value="sun.awt.windows.WPrinterJob"/>
    <property name="sun.os.patch.level" value=""/>
    <property name="java.library.path" value="C:\Program Files\Java\jdk1.8.0_74\jre\bin;C:\WINDOWS\Sun\Java\bin;C:\WINDOWS\system32;C:\WINDOWS;C:/Program Files/Java/jdk1.8.0_74/jre/bin/server;C:/Program Files/Java/jdk1.8.0_74/jre/bin;C:/Program Files/Java/jdk1.8.0_74/jre/lib/amd64;C:\Program Files (x86)\Common Files\Oracle\Java\javapath;C:\oraclexe\app\oracle\product\11.2.0\server\bin;C:\WINDOWS\system32;C:\WINDOWS;C:\WINDOWS\System32\Wbem;C:\WINDOWS\System32\WindowsPowerShell\v1.0\;C:\Program Files\PuTTY\;%JAVA_HOME%\bin;C:\Users\Mohammad\AppData\Local\Android\sdk\tools;C:\Users\Mohammad\AppData\Local\Android\sdk\platform-tools;C:\Program Files (x86)\Microsoft SQL Server\100\Tools\Binn\;C:\Program Files\Microsoft SQL Server\100\Tools\Binn\;C:\Program Files\Microsoft SQL Server\100\DTS\Binn\;C:\Program Files (x86)\Microsoft SQL Server\100\Tools\Binn\VSShell\Common7\IDE\;C:\Program Files (x86)\Microsoft Visual Studio 9.0\Common7\IDE\PrivateAssemblies\;C:\Program Files (x86)\Microsoft SQL Server\100\DTS\Binn\;C:\Program Files (x86)\Skype\Phone\;C:\WINDOWS\System32\OpenSSH\;C:\Users\Mohammad\AppData\Local\Microsoft\WindowsApps;;C:\Users\Mohammad\Desktop;;."/>
    <property name="java.vm.info" value="mixed mode"/>
    <property name="java.vendor" value="Oracle Corporation"/>
    <property name="java.vm.version" value="25.74-b02"/>
    <property name="java.ext.dirs" value="C:\Program Files\Java\jdk1.8.0_74\jre\lib\ext;C:\WINDOWS\Sun\Java\lib\ext"/>
    <property name="sun.io.unicode.encoding" value="UnicodeLittle"/>
    <property name="java.class.version" value="52.0"/>
  </properties>
  <testcase name="feature" classname="login.runner.LoginRunner" time="42.432"/>
  <testcase name="feature" classname="login.runner.LoginRunner" time="39.488"/>
</testsuite>