<?xml version="1.0" encoding="UTF-8"?>
<!-- Generated by org.testng.reporters.JUnitReportReporter -->
<testsuite skipped="0" hostname="Automata" name="login.runner.LoginRunner" tests="2" failures="0" timestamp="10 Jun 2018 00:01:12 GMT" time="81.920" errors="0">
  <testcase name="feature" time="42.431" classname="login.runner.LoginRunner"/>
  <testcase name="feature" time="39.489" classname="login.runner.LoginRunner"/>
</testsuite> <!-- login.runner.LoginRunner -->
