<?xml version="1.0" encoding="UTF-8"?>
<!-- Generated by org.testng.reporters.JUnitReportReporter -->
<testsuite skipped="0" hostname="Automata" name="login.runner.LoginRunner" tests="1" failures="0" timestamp="30 May 2018 06:24:35 GMT" time="44.853" errors="0">
  <testcase name="feature" time="44.853" classname="login.runner.LoginRunner"/>
</testsuite> <!-- login.runner.LoginRunner -->
